2022-03-10T16:33:55.552+0000 [     10876][        ] INFO  org.springframework.web.context.ContextLoader: Root WebApplicationContext: initialization started
2022-03-10T16:33:55.620+0000 [     10944][        ] INFO  org.springframework.web.context.support.XmlWebApplicationContext: Refreshing Root WebApplicationContext: startup date [Thu Mar 10 16:33:55 UTC 2022]; root of context hierarchy
2022-03-10T16:33:55.673+0000 [     10997][        ] INFO  org.springframework.beans.factory.xml.XmlBeanDefinitionReader: Loading XML bean definitions from ServletContext resource [/WEB-INF/applicationContext-tdsConfig.xml]
2022-03-10T16:33:56.099+0000 [     11423][        ] INFO  org.springframework.beans.factory.support.DefaultListableBeanFactory: Overriding bean definition for bean 'wmsConfig' with a different definition: replacing [Generic bean: class [thredds.server.config.WmsConfig]; scope=singleton; abstract=false; lazyInit=false; autowireMode=0; dependencyCheck=0; autowireCandidate=true; primary=false; factoryBeanName=null; factoryMethodName=null; initMethodName=null; destroyMethodName=null; defined in file [/usr/local/tomcat/webapps/thredds/WEB-INF/classes/thredds/server/config/WmsConfig.class]] with [Generic bean: class [thredds.server.config.WmsConfig]; scope=; abstract=false; lazyInit=false; autowireMode=0; dependencyCheck=0; autowireCandidate=true; primary=false; factoryBeanName=null; factoryMethodName=null; initMethodName=null; destroyMethodName=null; defined in ServletContext resource [/WEB-INF/applicationContext-tdsConfig.xml]]
2022-03-10T16:33:56.099+0000 [     11423][        ] INFO  org.springframework.beans.factory.support.DefaultListableBeanFactory: Overriding bean definition for bean 'corsConfig' with a different definition: replacing [Generic bean: class [thredds.server.config.CorsConfig]; scope=singleton; abstract=false; lazyInit=false; autowireMode=0; dependencyCheck=0; autowireCandidate=true; primary=false; factoryBeanName=null; factoryMethodName=null; initMethodName=null; destroyMethodName=null; defined in file [/usr/local/tomcat/webapps/thredds/WEB-INF/classes/thredds/server/config/CorsConfig.class]] with [Generic bean: class [thredds.server.config.CorsConfig]; scope=; abstract=false; lazyInit=false; autowireMode=0; dependencyCheck=0; autowireCandidate=true; primary=false; factoryBeanName=null; factoryMethodName=null; initMethodName=null; destroyMethodName=null; defined in ServletContext resource [/WEB-INF/applicationContext-tdsConfig.xml]]
2022-03-10T16:33:56.560+0000 [     11884][        ] INFO  org.springframework.web.servlet.mvc.method.annotation.RequestMappingHandlerMapping: Mapped "{[/admin/collection/showStatus]}" onto protected org.springframework.web.servlet.ModelAndView thredds.server.admin.CollectionController.handleCollectionStatus(javax.servlet.http.HttpServletRequest,javax.servlet.http.HttpServletResponse) throws java.lang.Exception
2022-03-10T16:33:56.561+0000 [     11885][        ] INFO  org.springframework.web.servlet.mvc.method.annotation.RequestMappingHandlerMapping: Mapped "{[/admin/collection/showStatus.csv]}" onto protected org.springframework.web.servlet.ModelAndView thredds.server.admin.CollectionController.handleCollectionStatusCsv(javax.servlet.http.HttpServletRequest,javax.servlet.http.HttpServletResponse) throws java.lang.Exception
2022-03-10T16:33:56.562+0000 [     11886][        ] INFO  org.springframework.web.servlet.mvc.method.annotation.RequestMappingHandlerMapping: Mapped "{[/admin/collection || /admin/collection/trigger]}" onto protected org.springframework.web.servlet.ModelAndView thredds.server.admin.CollectionController.handleCollectionTriggers(javax.servlet.http.HttpServletRequest,javax.servlet.http.HttpServletResponse) throws java.lang.Exception
2022-03-10T16:33:56.562+0000 [     11886][        ] INFO  org.springframework.web.servlet.mvc.method.annotation.RequestMappingHandlerMapping: Mapped "{[/admin/showFmrc || /admin/showFmrc/*]}" onto protected org.springframework.web.servlet.ModelAndView thredds.server.admin.CollectionController.showFmrcCache(javax.servlet.http.HttpServletRequest,javax.servlet.http.HttpServletResponse) throws java.lang.Exception
2022-03-10T16:33:56.564+0000 [     11888][        ] INFO  org.springframework.web.servlet.mvc.method.annotation.RequestMappingHandlerMapping: Mapped "{[/admin/debug || /admin/debug/*],methods=[GET]}" onto protected void thredds.server.admin.DebugController.showDebugPage(javax.servlet.http.HttpServletRequest,javax.servlet.http.HttpServletResponse) throws java.io.IOException
2022-03-10T16:33:56.564+0000 [     11888][        ] INFO  org.springframework.web.servlet.mvc.method.annotation.RequestMappingHandlerMapping: Mapped "{[/admin/**]}" onto protected org.springframework.web.servlet.ModelAndView thredds.server.admin.DirDisplayController.handleRequestInternal(javax.servlet.http.HttpServletRequest,javax.servlet.http.HttpServletResponse) throws java.lang.Exception
2022-03-10T16:33:56.565+0000 [     11889][        ] INFO  org.springframework.web.servlet.mvc.method.annotation.RequestMappingHandlerMapping: Mapped "{[/admin/log/** || /admin/roots],methods=[GET]}" onto protected org.springframework.web.servlet.ModelAndView thredds.server.admin.LogController.handleRequestInternal(javax.servlet.http.HttpServletRequest,javax.servlet.http.HttpServletResponse) throws java.lang.Exception
2022-03-10T16:33:56.566+0000 [     11890][        ] INFO  org.springframework.web.servlet.mvc.method.annotation.RequestMappingHandlerMapping: Mapped "{[/requestMaps],methods=[GET]}" onto public void thredds.server.admin.SpringDocController.show(org.springframework.ui.Model)
2022-03-10T16:33:56.569+0000 [     11893][        ] INFO  org.springframework.web.servlet.mvc.method.annotation.RequestMappingHandlerMapping: Mapped "{[/**/*.xml],methods=[GET || HEAD]}" onto protected org.springframework.web.servlet.ModelAndView thredds.server.catalogservice.LocalCatalogServiceController.handleXmlRequest(javax.servlet.http.HttpServletRequest,javax.servlet.http.HttpServletResponse) throws java.lang.Exception
2022-03-10T16:33:56.570+0000 [     11894][        ] INFO  org.springframework.web.servlet.mvc.method.annotation.RequestMappingHandlerMapping: Mapped "{[/**/*.html],methods=[GET || HEAD]}" onto protected org.springframework.web.servlet.ModelAndView thredds.server.catalogservice.LocalCatalogServiceController.handleHtmlRequest(javax.servlet.http.HttpServletRequest,javax.servlet.http.HttpServletResponse) throws java.lang.Exception
2022-03-10T16:33:56.572+0000 [     11896][        ] INFO  org.springframework.web.servlet.mvc.method.annotation.RequestMappingHandlerMapping: Mapped "{[/remoteCatalogService/** || /remoteCatalogValidation.html/**]}" onto protected org.springframework.web.servlet.ModelAndView thredds.server.catalogservice.RemoteCatalogServiceController.handleAll(javax.servlet.http.HttpServletRequest,javax.servlet.http.HttpServletResponse) throws java.lang.Exception
2022-03-10T16:33:56.576+0000 [     11900][        ] INFO  org.springframework.web.servlet.mvc.method.annotation.RequestMappingHandlerMapping: Mapped "{[/cdmremote/**]}" onto public void thredds.server.cdmremote.CdmRemoteController.handleRequest(javax.servlet.http.HttpServletRequest,javax.servlet.http.HttpServletResponse,thredds.server.cdmremote.CdmRemoteQueryBean,org.springframework.validation.BindingResult) throws java.io.IOException
2022-03-10T16:33:56.581+0000 [     11905][        ] INFO  org.springframework.web.servlet.mvc.method.annotation.RequestMappingHandlerMapping: Mapped "{[/cdmrfeature/**],methods=[GET],params=[req!=data && req!=dataForm && req!=header]}" onto public org.springframework.http.ResponseEntity<java.lang.String> thredds.server.cdmremote.CdmrfController.metadataRequestHandler(javax.servlet.http.HttpServletRequest,javax.servlet.http.HttpServletResponse,thredds.server.cdmremote.params.CdmrfQueryBean,org.springframework.validation.BindingResult) throws java.io.IOException
2022-03-10T16:33:56.582+0000 [     11906][        ] INFO  org.springframework.web.servlet.mvc.method.annotation.RequestMappingHandlerMapping: Mapped "{[/cdmrfeature/**],methods=[GET],params=[req=header]}" onto public void thredds.server.cdmremote.CdmrfController.headerRequestHandler(javax.servlet.http.HttpServletRequest,javax.servlet.http.HttpServletResponse,thredds.server.cdmremote.params.CdmrfQueryBean,org.springframework.validation.BindingResult) throws java.io.IOException
2022-03-10T16:33:56.582+0000 [     11906][        ] INFO  org.springframework.web.servlet.mvc.method.annotation.RequestMappingHandlerMapping: Mapped "{[/cdmrfeature/**],methods=[GET],params=[req=data]}" onto public void thredds.server.cdmremote.CdmrfController.dataRequestHandler(javax.servlet.http.HttpServletRequest,javax.servlet.http.HttpServletResponse,thredds.server.cdmremote.params.CdmrfQueryBean,org.springframework.validation.BindingResult) throws java.io.IOException
2022-03-10T16:33:56.590+0000 [     11914][        ] INFO  org.springframework.web.servlet.mvc.method.annotation.RequestMappingHandlerMapping: Mapped "{[/dap4/**]}" onto public void thredds.server.dap4.Dap4Controller.handleRequest(javax.servlet.http.HttpServletRequest,javax.servlet.http.HttpServletResponse) throws java.io.IOException
2022-03-10T16:33:56.590+0000 [     11914][        ] INFO  org.springframework.web.servlet.mvc.method.annotation.RequestMappingHandlerMapping: Mapped "{[/DLwriter/**]}" onto public void thredds.server.dl.DLwriterController.doGet(javax.servlet.http.HttpServletRequest,javax.servlet.http.HttpServletResponse) throws javax.servlet.ServletException,java.io.IOException
2022-03-10T16:33:56.591+0000 [     11915][        ] INFO  org.springframework.web.servlet.mvc.method.annotation.RequestMappingHandlerMapping: Mapped "{[/fileServer/**]}" onto public void thredds.server.fileserver.FileServerController.doGet(javax.servlet.http.HttpServletRequest,javax.servlet.http.HttpServletResponse) throws javax.servlet.ServletException,java.io.IOException
2022-03-10T16:33:56.594+0000 [     11918][        ] INFO  org.springframework.web.servlet.mvc.method.annotation.RequestMappingHandlerMapping: Mapped "{[/metadata/**]}" onto public void thredds.server.metadata.MetadataController.getMetadata(thredds.server.metadata.MetadataRequestParameterBean,org.springframework.validation.BindingResult,javax.servlet.http.HttpServletResponse,javax.servlet.http.HttpServletRequest) throws java.io.IOException
2022-03-10T16:33:56.597+0000 [     11921][        ] INFO  org.springframework.web.servlet.mvc.method.annotation.RequestMappingHandlerMapping: Mapped "{[/ncss/**]}" onto public void thredds.server.ncss.controller.NcssController.handleRequest(javax.servlet.http.HttpServletRequest,javax.servlet.http.HttpServletResponse,thredds.server.ncss.params.NcssParamsBean,org.springframework.validation.BindingResult) throws java.lang.Exception
2022-03-10T16:33:56.600+0000 [     11924][        ] INFO  org.springframework.web.servlet.mvc.method.annotation.RequestMappingHandlerMapping: Mapped "{[/ncss/**/datasetBoundaries.xml]}" onto void thredds.server.ncss.controller.NcssDatasetBoundariesController.getDatasetBoundaries(thredds.server.ncss.params.NcssParamsBean,javax.servlet.http.HttpServletRequest,javax.servlet.http.HttpServletResponse) throws java.io.IOException,thredds.server.ncss.exception.UnsupportedResponseFormatException
2022-03-10T16:33:56.601+0000 [     11925][        ] INFO  org.springframework.web.servlet.mvc.method.annotation.RequestMappingHandlerMapping: Mapped "{[/ncss/**/station.xml]}" onto void thredds.server.ncss.controller.NcssDatasetInfoController.getStations(javax.servlet.http.HttpServletRequest,javax.servlet.http.HttpServletResponse,thredds.server.ncss.params.NcssParamsBean) throws java.io.IOException
2022-03-10T16:33:56.602+0000 [     11926][        ] INFO  org.springframework.web.servlet.mvc.method.annotation.RequestMappingHandlerMapping: Mapped "{[/ncss/**/dataset.html || /ncss/**/dataset.xml || /ncss/**/pointDataset.html || /ncss/**/pointDataset.xml],params=[!var]}" onto void thredds.server.ncss.controller.NcssDatasetInfoController.getDatasetDescription(javax.servlet.http.HttpServletRequest,javax.servlet.http.HttpServletResponse) throws java.io.IOException,javax.xml.transform.TransformerException,org.jdom2.JDOMException
2022-03-10T16:33:56.616+0000 [     11940][        ] INFO  org.springframework.web.servlet.mvc.method.annotation.RequestMappingHandlerMapping: Mapped "{[/radarServer/**/{dataset}],params=[station=all]}" onto public thredds.server.radarServer2.StationList thredds.server.radarServer2.RadarServerController.stations(java.lang.String,javax.servlet.http.HttpServletRequest)
2022-03-10T16:33:56.616+0000 [     11940][        ] INFO  org.springframework.web.servlet.mvc.method.annotation.RequestMappingHandlerMapping: Mapped "{[/radarServer/catalog.xml]}" onto public org.springframework.http.HttpEntity<byte[]> thredds.server.radarServer2.RadarServerController.topLevelCatalog() throws java.io.IOException
2022-03-10T16:33:56.616+0000 [     11940][        ] INFO  org.springframework.web.servlet.mvc.method.annotation.RequestMappingHandlerMapping: Mapped "{[/radarServer/**/dataset.xml]}" onto public org.springframework.http.HttpEntity<byte[]> thredds.server.radarServer2.RadarServerController.datasetCatalog(javax.servlet.http.HttpServletRequest) throws java.io.IOException
2022-03-10T16:33:56.616+0000 [     11940][        ] INFO  org.springframework.web.servlet.mvc.method.annotation.RequestMappingHandlerMapping: Mapped "{[/radarServer/**/stations.xml]}" onto public thredds.server.radarServer2.StationList thredds.server.radarServer2.RadarServerController.stationsFile(javax.servlet.http.HttpServletRequest)
2022-03-10T16:33:56.617+0000 [     11941][        ] INFO  org.springframework.web.servlet.mvc.method.annotation.RequestMappingHandlerMapping: Mapped "{[/radarServer/**/{dataset}]}" onto org.springframework.http.HttpEntity<byte[]> thredds.server.radarServer2.RadarServerController.handleQuery(java.lang.String,java.lang.String[],java.lang.Double,java.lang.Double,java.lang.Double,java.lang.Double,java.lang.Double,java.lang.Double,java.lang.String,java.lang.String,java.lang.String,java.lang.String,java.lang.String,java.lang.String[],javax.servlet.http.HttpServletRequest) throws java.text.ParseException,java.lang.UnsupportedOperationException,java.io.IOException
2022-03-10T16:33:56.617+0000 [     11941][        ] INFO  org.springframework.web.servlet.mvc.method.annotation.RequestMappingHandlerMapping: Mapped "{[/*.css || /*.gif || /*.jpg || /*.png]}" onto public org.springframework.web.servlet.ModelAndView thredds.server.root.RootController.checkPublicDirectory(javax.servlet.http.HttpServletRequest,javax.servlet.http.HttpServletResponse) throws java.io.IOException,javax.servlet.ServletException
2022-03-10T16:33:56.618+0000 [     11942][        ] INFO  org.springframework.web.servlet.mvc.method.annotation.RequestMappingHandlerMapping: Mapped "{[/]}" onto public java.lang.String thredds.server.root.RootController.getRootPage()
2022-03-10T16:33:56.618+0000 [     11942][        ] INFO  org.springframework.web.servlet.mvc.method.annotation.RequestMappingHandlerMapping: Mapped "{[/serverVersion.txt]}" onto protected org.springframework.web.servlet.ModelAndView thredds.server.serverinfo.ServerInfoController.getServerVersion()
2022-03-10T16:33:56.618+0000 [     11942][        ] INFO  org.springframework.web.servlet.mvc.method.annotation.RequestMappingHandlerMapping: Mapped "{[/serverInfo.html]}" onto protected org.springframework.web.servlet.ModelAndView thredds.server.serverinfo.ServerInfoController.getServerInfoHtml()
2022-03-10T16:33:56.619+0000 [     11943][        ] INFO  org.springframework.web.servlet.mvc.method.annotation.RequestMappingHandlerMapping: Mapped "{[/serverInfo.xml]}" onto protected org.springframework.web.servlet.ModelAndView thredds.server.serverinfo.ServerInfoController.getServerInfoXML()
2022-03-10T16:33:56.620+0000 [     11944][        ] INFO  org.springframework.web.servlet.mvc.method.annotation.RequestMappingHandlerMapping: Mapped "{[/view/{viewer}.jnlp],methods=[GET]}" onto public void thredds.server.viewer.ViewerController.launchViewer(thredds.server.viewer.ViewerRequestParamsBean,org.springframework.validation.BindingResult,javax.servlet.http.HttpServletResponse,javax.servlet.http.HttpServletRequest) throws java.io.IOException
2022-03-10T16:33:56.621+0000 [     11945][        ] INFO  org.springframework.web.servlet.mvc.method.annotation.RequestMappingHandlerMapping: Mapped "{[/wcs/**]}" onto public void thredds.server.wcs.WCSController.doGet(javax.servlet.http.HttpServletRequest,javax.servlet.http.HttpServletResponse) throws javax.servlet.ServletException,java.io.IOException
2022-03-10T16:33:56.624+0000 [     11948][        ] INFO  org.springframework.web.servlet.mvc.method.annotation.RequestMappingHandlerMapping: Mapped "{[/iso/**]}" onto public void thredds.server.metadata.controller.IsoController.handleMetadataRequest(javax.servlet.http.HttpServletRequest,javax.servlet.http.HttpServletResponse) throws javax.servlet.ServletException,java.io.IOException
2022-03-10T16:33:56.625+0000 [     11949][        ] INFO  org.springframework.web.servlet.mvc.method.annotation.RequestMappingHandlerMapping: Mapped "{[/ncml/**]}" onto public void thredds.server.metadata.controller.NcmlController.handleMetadataRequest(javax.servlet.http.HttpServletRequest,javax.servlet.http.HttpServletResponse) throws javax.servlet.ServletException,java.io.IOException
2022-03-10T16:33:56.627+0000 [     11951][        ] INFO  org.springframework.web.servlet.mvc.method.annotation.RequestMappingHandlerMapping: Mapped "{[/uddc/**]}" onto public void thredds.server.metadata.controller.UddcController.handleMetadataRequest(javax.servlet.http.HttpServletRequest,javax.servlet.http.HttpServletResponse) throws javax.servlet.ServletException
2022-03-10T16:33:56.628+0000 [     11952][        ] INFO  org.springframework.web.servlet.mvc.method.annotation.RequestMappingHandlerMapping: Mapped "{[/sos/**]}" onto public void thredds.server.ncsos.controller.SosController.handleSOSRequest(javax.servlet.http.HttpServletRequest,javax.servlet.http.HttpServletResponse) throws javax.servlet.ServletException,java.io.IOException
2022-03-10T16:33:57.379+0000 [     12703][        ] INFO  org.springframework.web.servlet.mvc.method.annotation.RequestMappingHandlerAdapter: Looking for @ControllerAdvice: Root WebApplicationContext: startup date [Thu Mar 10 16:33:55 UTC 2022]; root of context hierarchy
2022-03-10T16:33:57.553+0000 [     12877][        ] INFO  org.springframework.web.servlet.mvc.method.annotation.RequestMappingHandlerAdapter: Looking for @ControllerAdvice: Root WebApplicationContext: startup date [Thu Mar 10 16:33:55 UTC 2022]; root of context hierarchy
2022-03-10T16:33:57.741+0000 [     13065][        ] INFO  serverStartup: TdsContext version= 4.6.20 - 2022-02-16T14:14:47-0800
2022-03-10T16:33:57.742+0000 [     13066][        ] INFO  serverStartup: TdsContext intialized logging in /usr/local/tomcat/content/thredds/logs
2022-03-10T16:33:57.744+0000 [     13068][        ] INFO  serverStartup: ThreddsConfigReader reading xml file = /usr/local/tomcat/content/thredds/threddsConfig.xml
2022-03-10T16:33:58.433+0000 [     13757][        ] INFO  serverStartup: TdsContext: latest stable version = 5.1
2022-03-10T16:33:58.433+0000 [     13757][        ] INFO  serverStartup: TdsContext: latest maintenance version = 4.6.17
2022-03-10T16:33:58.521+0000 [     13845][        ] INFO  serverStartup: CdmInit getContentRootPathAbsolute= /usr/local/tomcat/content/
2022-03-10T16:33:58.628+0000 [     13952][        ] INFO  serverStartup: CdmInit: catalogWriting.useBytesForDataSize= false
2022-03-10T16:33:58.628+0000 [     13952][        ] INFO  serverStartup: CdmInit: set LoggerFactorySpecial with logging directory /usr/local/tomcat/content/thredds/logs
2022-03-10T16:33:58.714+0000 [     14038][        ] INFO  serverStartup: Nc4Iosp: NetCDF-4 C library loaded (jna_path='/usr/local/lib/', libname='netcdf').
2022-03-10T16:33:58.723+0000 [     14047][        ] INFO  serverStartup: CdmInit: Aggregation.setTypicalDatasetMode= penultimate
2022-03-10T16:33:58.725+0000 [     14049][        ] INFO  serverStartup: CdmInit: CdmCache= /usr/local/tomcat/content/thredds/cache/cdm scour = 3600 maxSize = 1000000000
2022-03-10T16:33:58.727+0000 [     14051][        ] INFO  serverStartup: CdmInit: AggregationCache= /usr/local/tomcat/content/thredds/cache/agg scour = 86400 maxAgeSecs = 7776000
2022-03-10T16:33:58.728+0000 [     14052][        ] INFO  serverStartup: CdmInit: GribIndex=DiskCache2{cachePathPolicy=NestedDirectory, alwaysUseCache=false, cachePathPolicyParam='null', root='/usr/local/tomcat/content/thredds/cache/grib/', scourEveryMinutes=0, persistMinutes=129600, fail=false}
2022-03-10T16:33:58.729+0000 [     14053][        ] INFO  serverStartup: CdmInit: CdmRemote= /usr/local/tomcat/content/thredds/cache/cdmr scour = 1800 maxAgeSecs = 3600
2022-03-10T16:33:58.736+0000 [     14060][        ] INFO  serverStartup: CdmInit: CollectionManagerAbstract.setMetadataStore= /usr/local/tomcat/content/thredds/cache/collection/
2022-03-10T16:33:58.739+0000 [     14063][        ] INFO  serverStartup: CdmInit: RandomAccessFile.initPartitionCache= [400,500] scour = 660
2022-03-10T16:33:58.742+0000 [     14066][        ] INFO  serverStartup: CdmInit: NetcdfDataset.initNetcdfFileCache= [100,150] scour = 720
2022-03-10T16:33:58.776+0000 [     14100][        ] INFO  serverStartup: CdmInit: GribCdmIndex.initDefaultCollectionCache= [100,150] scour = 780
2022-03-10T16:33:58.776+0000 [     14100][        ] INFO  serverStartup: CdmInit complete
2022-03-10T16:33:58.784+0000 [     14108][        ] INFO  serverStartup: thredds.server.dap4.Dap4Controller initialization start
2022-03-10T16:33:58.786+0000 [     14110][        ] INFO  serverStartup: DLwriterServlet.init(): DLwriter service not enabled in threddsConfig.xml: 
2022-03-10T16:33:58.863+0000 [     14187][        ] INFO  serverStartup: WCS:allow= false
2022-03-10T16:33:58.864+0000 [     14188][        ] INFO  serverStartup: WCS service not enabled in threddsConfig.xml: 
2022-03-10T16:33:58.878+0000 [     14202][        ] INFO  serverStartup: DataRootHandler: staticCache= true
2022-03-10T16:33:59.015+0000 [     14339][        ] INFO  serverStartup: Metadata ISO - initialization start
2022-03-10T16:33:59.015+0000 [     14339][        ] INFO  serverStartup: NCISO.isoAllow = false
2022-03-10T16:33:59.017+0000 [     14341][        ] INFO  serverStartup: Metadata NCML - initialization start
2022-03-10T16:33:59.018+0000 [     14342][        ] INFO  serverStartup: NCISO.ncmlAllow = false
2022-03-10T16:33:59.020+0000 [     14344][        ] INFO  serverStartup: Metadata UDDC - initialization start
2022-03-10T16:33:59.021+0000 [     14345][        ] INFO  serverStartup: NCISO.uddcAllow = false
2022-03-10T16:33:59.064+0000 [     14388][        ] INFO  org.springframework.web.context.ContextLoader: Root WebApplicationContext: initialization completed in 3507 ms
2022-03-10T16:33:59.094+0000 [     14418][        ] INFO  org.springframework.web.servlet.DispatcherServlet: FrameworkServlet 'root': initialization started
2022-03-10T16:33:59.096+0000 [     14420][        ] INFO  org.springframework.web.context.support.XmlWebApplicationContext: Refreshing WebApplicationContext for namespace 'root-servlet': startup date [Thu Mar 10 16:33:59 UTC 2022]; parent: Root WebApplicationContext
2022-03-10T16:33:59.097+0000 [     14421][        ] INFO  org.springframework.beans.factory.xml.XmlBeanDefinitionReader: Loading XML bean definitions from ServletContext resource [/WEB-INF/servlet-context.xml]
2022-03-10T16:33:59.164+0000 [     14488][        ] INFO  org.springframework.web.servlet.handler.SimpleUrlHandlerMapping: Mapped URL path [/**] onto handler 'org.springframework.web.servlet.resource.ResourceHttpRequestHandler#0'
2022-03-10T16:33:59.184+0000 [     14508][        ] INFO  org.springframework.beans.factory.xml.XmlBeanDefinitionReader: Loading XML bean definitions from ServletContext resource [/WEB-INF/view.xml]
2022-03-10T16:33:59.194+0000 [     14518][        ] INFO  org.springframework.web.context.support.GenericWebApplicationContext: Refreshing org.springframework.web.context.support.GenericWebApplicationContext@3a50dfc8: startup date [Thu Mar 10 16:33:59 UTC 2022]; parent: WebApplicationContext for namespace 'root-servlet'
2022-03-10T16:33:59.245+0000 [     14569][        ] INFO  org.springframework.web.servlet.DispatcherServlet: FrameworkServlet 'root': initialization completed in 151 ms
2022-03-10T16:33:59.246+0000 [     14570][        ] INFO  serverStartup: thredds.server.opendap.OpendapServlet initialization start
2022-03-10T16:33:59.247+0000 [     14571][        ] INFO  serverStartup: thredds.server.opendap.OpendapServlet version= opendap/3.7 ascLimit = 50 binLimit = 500
2022-03-10T16:33:59.247+0000 [     14571][        ] INFO  serverStartup: thredds.server.opendap.OpendapServlet initialization done
2022-03-10T16:33:59.259+0000 [     14583][        ] INFO  org.springframework.web.servlet.DispatcherServlet: FrameworkServlet 'wms': initialization started
2022-03-10T16:33:59.260+0000 [     14584][        ] INFO  org.springframework.web.context.support.XmlWebApplicationContext: Refreshing WebApplicationContext for namespace 'wms-servlet': startup date [Thu Mar 10 16:33:59 UTC 2022]; parent: Root WebApplicationContext
2022-03-10T16:33:59.260+0000 [     14584][        ] INFO  org.springframework.beans.factory.xml.XmlBeanDefinitionReader: Loading XML bean definitions from ServletContext resource [/WEB-INF/wms-servlet.xml]
2022-03-10T16:33:59.337+0000 [     14661][        ] INFO  serverStartup: WMS:allow= false
2022-03-10T16:33:59.342+0000 [     14666][        ] INFO  org.springframework.web.servlet.handler.SimpleUrlHandlerMapping: Mapped URL path [/**] onto handler 'wmsController'
2022-03-10T16:33:59.352+0000 [     14676][        ] INFO  org.springframework.web.servlet.DispatcherServlet: FrameworkServlet 'wms': initialization completed in 93 ms
