08-Mar-2022 04:06:49.953 INFO [localhost-startStop-1] org.apache.catalina.core.ApplicationContext.log No Spring WebApplicationInitializer types detected on classpath
08-Mar-2022 04:06:51.183 INFO [localhost-startStop-1] org.apache.catalina.core.ApplicationContext.log Initializing Spring root WebApplicationContext
08-Mar-2022 04:06:58.331 INFO [localhost-startStop-1] org.apache.catalina.core.ApplicationContext.log Initializing Spring FrameworkServlet 'root'
08-Mar-2022 04:06:58.674 INFO [localhost-startStop-1] org.apache.catalina.core.ApplicationContext.log Initializing Spring FrameworkServlet 'wms'
08-Mar-2022 04:07:56.296 INFO [localhost-startStop-2] org.apache.catalina.core.ApplicationContext.log Destroying Spring FrameworkServlet 'root'
08-Mar-2022 04:07:56.299 INFO [localhost-startStop-2] org.apache.catalina.core.ApplicationContext.log Destroying Spring FrameworkServlet 'wms'
08-Mar-2022 04:07:56.300 INFO [localhost-startStop-2] org.apache.catalina.core.ApplicationContext.log Closing Spring root WebApplicationContext
08-Mar-2022 04:07:56.867 INFO [localhost-startStop-2] org.apache.catalina.core.ApplicationContext.log Shutting down log4j
08-Mar-2022 04:10:06.563 INFO [localhost-startStop-1] org.apache.catalina.core.ApplicationContext.log No Spring WebApplicationInitializer types detected on classpath
08-Mar-2022 04:10:08.362 INFO [localhost-startStop-1] org.apache.catalina.core.ApplicationContext.log Initializing Spring root WebApplicationContext
08-Mar-2022 04:10:16.667 INFO [localhost-startStop-1] org.apache.catalina.core.ApplicationContext.log Initializing Spring FrameworkServlet 'root'
08-Mar-2022 04:10:17.148 INFO [localhost-startStop-1] org.apache.catalina.core.ApplicationContext.log Initializing Spring FrameworkServlet 'wms'
08-Mar-2022 04:12:44.741 INFO [localhost-startStop-2] org.apache.catalina.core.ApplicationContext.log Destroying Spring FrameworkServlet 'root'
08-Mar-2022 04:12:44.744 INFO [localhost-startStop-2] org.apache.catalina.core.ApplicationContext.log Destroying Spring FrameworkServlet 'wms'
08-Mar-2022 04:12:44.745 INFO [localhost-startStop-2] org.apache.catalina.core.ApplicationContext.log Closing Spring root WebApplicationContext
08-Mar-2022 04:12:45.370 INFO [localhost-startStop-2] org.apache.catalina.core.ApplicationContext.log Shutting down log4j
08-Mar-2022 04:16:15.823 INFO [localhost-startStop-1] org.apache.catalina.core.ApplicationContext.log No Spring WebApplicationInitializer types detected on classpath
08-Mar-2022 04:16:17.183 INFO [localhost-startStop-1] org.apache.catalina.core.ApplicationContext.log Initializing Spring root WebApplicationContext
08-Mar-2022 04:16:24.255 INFO [localhost-startStop-1] org.apache.catalina.core.ApplicationContext.log Initializing Spring FrameworkServlet 'root'
08-Mar-2022 04:16:24.558 INFO [localhost-startStop-1] org.apache.catalina.core.ApplicationContext.log Initializing Spring FrameworkServlet 'wms'
08-Mar-2022 04:24:21.176 INFO [localhost-startStop-1] org.apache.catalina.core.ApplicationContext.log No Spring WebApplicationInitializer types detected on classpath
08-Mar-2022 04:24:22.637 INFO [localhost-startStop-1] org.apache.catalina.core.ApplicationContext.log Initializing Spring root WebApplicationContext
08-Mar-2022 04:24:28.612 INFO [localhost-startStop-1] org.apache.catalina.core.ApplicationContext.log Initializing Spring FrameworkServlet 'root'
08-Mar-2022 04:24:28.948 INFO [localhost-startStop-1] org.apache.catalina.core.ApplicationContext.log Initializing Spring FrameworkServlet 'wms'
08-Mar-2022 15:59:04.057 INFO [localhost-startStop-2] org.apache.catalina.core.ApplicationContext.log Destroying Spring FrameworkServlet 'root'
08-Mar-2022 15:59:04.060 INFO [localhost-startStop-2] org.apache.catalina.core.ApplicationContext.log Destroying Spring FrameworkServlet 'wms'
08-Mar-2022 15:59:04.062 INFO [localhost-startStop-2] org.apache.catalina.core.ApplicationContext.log Closing Spring root WebApplicationContext
08-Mar-2022 15:59:04.684 INFO [localhost-startStop-2] org.apache.catalina.core.ApplicationContext.log Shutting down log4j
